{"/Users/ks27124/Work/sacsify/src/Models/APIKey.ts": {"path":"/Users/ks27124/Work/sacsify/src/Models/APIKey.ts","statementMap":{"0":{"start":{"line":1,"column":0},"end":{"line":1,"column":65}},"1":{"start":{"line":5,"column":0},"end":{"line":5,"column":58}},"2":{"start":{"line":29,"column":15},"end":{"line":57,"column":2}},"3":{"start":{"line":59,"column":0},"end":{"line":67,"column":2}},"4":{"start":{"line":63,"column":36},"end":{"line":63,"column":38}},"5":{"start":{"line":66,"column":1},"end":{"line":66,"column":20}},"6":{"start":{"line":69,"column":0},"end":{"line":81,"column":2}},"7":{"start":{"line":73,"column":1},"end":{"line":73,"column":51}},"8":{"start":{"line":74,"column":1},"end":{"line":74,"column":37}},"9":{"start":{"line":76,"column":1},"end":{"line":80,"column":4}},"10":{"start":{"line":83,"column":0},"end":{"line":99,"column":2}},"11":{"start":{"line":87,"column":1},"end":{"line":87,"column":51}},"12":{"start":{"line":88,"column":1},"end":{"line":88,"column":37}},"13":{"start":{"line":89,"column":19},"end":{"line":93,"column":3}},"14":{"start":{"line":95,"column":1},"end":{"line":97,"column":null}},"15":{"start":{"line":96,"column":2},"end":{"line":96,"column":57}},"16":{"start":{"line":98,"column":1},"end":{"line":98,"column":18}},"17":{"start":{"line":101,"column":15},"end":{"line":101,"column":60}},"18":{"start":{"line":102,"column":0},"end":{"line":102,"column":22}}},"fnMap":{"0":{"name":"(anonymous_7)","decl":{"start":{"line":59,"column":32},"end":{"line":59,"column":null}},"loc":{"start":{"line":61,"column":15},"end":{"line":67,"column":2}}},"1":{"name":"(anonymous_9)","decl":{"start":{"line":69,"column":31},"end":{"line":69,"column":null}},"loc":{"start":{"line":71,"column":32},"end":{"line":81,"column":2}}},"2":{"name":"(anonymous_11)","decl":{"start":{"line":83,"column":21},"end":{"line":83,"column":null}},"loc":{"start":{"line":85,"column":32},"end":{"line":99,"column":2}}}},"branchMap":{"0":{"loc":{"start":{"line":95,"column":1},"end":{"line":97,"column":null}},"type":"if","locations":[{"start":{"line":95,"column":1},"end":{"line":97,"column":null}}]}},"s":{"0":1,"1":1,"2":1,"3":1,"4":0,"5":0,"6":1,"7":0,"8":0,"9":0,"10":1,"11":2,"12":2,"13":2,"14":2,"15":1,"16":1,"17":1,"18":1},"f":{"0":0,"1":0,"2":2},"b":{"0":[1]}}
,"/Users/ks27124/Work/sacsify/src/Models/Application.ts": {"path":"/Users/ks27124/Work/sacsify/src/Models/Application.ts","statementMap":{"0":{"start":{"line":1,"column":0},"end":{"line":1,"column":65}},"1":{"start":{"line":15,"column":15},"end":{"line":31,"column":2}},"2":{"start":{"line":33,"column":20},"end":{"line":35,"column":null}},"3":{"start":{"line":38,"column":0},"end":{"line":38,"column":27}}},"fnMap":{},"branchMap":{},"s":{"0":0,"1":0,"2":0,"3":0},"f":{},"b":{}}
,"/Users/ks27124/Work/sacsify/src/Models/User.ts": {"path":"/Users/ks27124/Work/sacsify/src/Models/User.ts","statementMap":{"0":{"start":{"line":1,"column":0},"end":{"line":1,"column":53}},"1":{"start":{"line":2,"column":0},"end":{"line":2,"column":46}},"2":{"start":{"line":3,"column":0},"end":{"line":3,"column":38}},"3":{"start":{"line":5,"column":0},"end":{"line":5,"column":null}},"4":{"start":{"line":10,"column":0},"end":{"line":10,"column":22}},"5":{"start":{"line":11,"column":0},"end":{"line":11,"column":58}},"6":{"start":{"line":12,"column":0},"end":{"line":12,"column":37}},"7":{"start":{"line":13,"column":0},"end":{"line":13,"column":55}},"8":{"start":{"line":74,"column":19},"end":{"line":155,"column":2}},"9":{"start":{"line":157,"column":0},"end":{"line":168,"column":2}},"10":{"start":{"line":160,"column":13},"end":{"line":160,"column":45}},"11":{"start":{"line":162,"column":1},"end":{"line":164,"column":null}},"12":{"start":{"line":163,"column":2},"end":{"line":163,"column":49}},"13":{"start":{"line":166,"column":1},"end":{"line":166,"column":46}},"14":{"start":{"line":167,"column":1},"end":{"line":167,"column":12}},"15":{"start":{"line":170,"column":0},"end":{"line":183,"column":2}},"16":{"start":{"line":175,"column":12},"end":{"line":175,"column":22}},"17":{"start":{"line":176,"column":1},"end":{"line":176,"column":18}},"18":{"start":{"line":177,"column":1},"end":{"line":177,"column":20}},"19":{"start":{"line":178,"column":1},"end":{"line":178,"column":34}},"20":{"start":{"line":179,"column":1},"end":{"line":179,"column":48}},"21":{"start":{"line":180,"column":1},"end":{"line":180,"column":49}},"22":{"start":{"line":181,"column":1},"end":{"line":181,"column":19}},"23":{"start":{"line":182,"column":1},"end":{"line":182,"column":13}},"24":{"start":{"line":185,"column":0},"end":{"line":212,"column":2}},"25":{"start":{"line":189,"column":12},"end":{"line":202,"column":null}},"26":{"start":{"line":204,"column":1},"end":{"line":208,"column":null}},"27":{"start":{"line":205,"column":2},"end":{"line":207,"column":4}},"28":{"start":{"line":210,"column":1},"end":{"line":210,"column":47}},"29":{"start":{"line":211,"column":1},"end":{"line":211,"column":13}},"30":{"start":{"line":214,"column":0},"end":{"line":230,"column":2}},"31":{"start":{"line":218,"column":12},"end":{"line":218,"column":36}},"32":{"start":{"line":220,"column":1},"end":{"line":225,"column":null}},"33":{"start":{"line":224,"column":2},"end":{"line":224,"column":30}},"34":{"start":{"line":227,"column":1},"end":{"line":227,"column":26}},"35":{"start":{"line":229,"column":1},"end":{"line":229,"column":13}},"36":{"start":{"line":232,"column":0},"end":{"line":251,"column":2}},"37":{"start":{"line":236,"column":12},"end":{"line":236,"column":36}},"38":{"start":{"line":238,"column":1},"end":{"line":243,"column":null}},"39":{"start":{"line":242,"column":2},"end":{"line":242,"column":31}},"40":{"start":{"line":245,"column":1},"end":{"line":245,"column":26}},"41":{"start":{"line":247,"column":1},"end":{"line":250,"column":3}},"42":{"start":{"line":253,"column":0},"end":{"line":284,"column":2}},"43":{"start":{"line":259,"column":12},"end":{"line":259,"column":36}},"44":{"start":{"line":261,"column":1},"end":{"line":264,"column":null}},"45":{"start":{"line":262,"column":2},"end":{"line":262,"column":31}},"46":{"start":{"line":263,"column":2},"end":{"line":263,"column":49}},"47":{"start":{"line":266,"column":1},"end":{"line":269,"column":null}},"48":{"start":{"line":267,"column":2},"end":{"line":267,"column":32}},"49":{"start":{"line":268,"column":2},"end":{"line":268,"column":50}},"50":{"start":{"line":271,"column":1},"end":{"line":271,"column":18}},"51":{"start":{"line":272,"column":1},"end":{"line":272,"column":20}},"52":{"start":{"line":273,"column":1},"end":{"line":273,"column":34}},"53":{"start":{"line":275,"column":1},"end":{"line":283,"column":null}},"54":{"start":{"line":276,"column":2},"end":{"line":276,"column":27}},"55":{"start":{"line":277,"column":2},"end":{"line":277,"column":14}},"56":{"start":{"line":279,"column":2},"end":{"line":281,"column":null}},"57":{"start":{"line":280,"column":3},"end":{"line":280,"column":71}},"58":{"start":{"line":282,"column":2},"end":{"line":282,"column":13}},"59":{"start":{"line":286,"column":0},"end":{"line":297,"column":2}},"60":{"start":{"line":289,"column":12},"end":{"line":289,"column":36}},"61":{"start":{"line":290,"column":1},"end":{"line":292,"column":null}},"62":{"start":{"line":291,"column":2},"end":{"line":291,"column":13}},"63":{"start":{"line":294,"column":1},"end":{"line":294,"column":32}},"64":{"start":{"line":296,"column":1},"end":{"line":296,"column":13}},"65":{"start":{"line":299,"column":0},"end":{"line":311,"column":2}},"66":{"start":{"line":302,"column":1},"end":{"line":304,"column":null}},"67":{"start":{"line":303,"column":2},"end":{"line":303,"column":47}},"68":{"start":{"line":305,"column":1},"end":{"line":310,"column":null}},"69":{"start":{"line":306,"column":13},"end":{"line":306,"column":58}},"70":{"start":{"line":307,"column":2},"end":{"line":307,"column":22}},"71":{"start":{"line":309,"column":2},"end":{"line":309,"column":14}},"72":{"start":{"line":313,"column":0},"end":{"line":327,"column":2}},"73":{"start":{"line":317,"column":1},"end":{"line":319,"column":null}},"74":{"start":{"line":318,"column":2},"end":{"line":318,"column":47}},"75":{"start":{"line":321,"column":1},"end":{"line":323,"column":null}},"76":{"start":{"line":322,"column":2},"end":{"line":322,"column":49}},"77":{"start":{"line":325,"column":16},"end":{"line":325,"column":74}},"78":{"start":{"line":326,"column":1},"end":{"line":326,"column":17}},"79":{"start":{"line":329,"column":0},"end":{"line":351,"column":2}},"80":{"start":{"line":334,"column":1},"end":{"line":336,"column":null}},"81":{"start":{"line":335,"column":2},"end":{"line":335,"column":41}},"82":{"start":{"line":337,"column":12},"end":{"line":344,"column":null}},"83":{"start":{"line":347,"column":1},"end":{"line":349,"column":null}},"84":{"start":{"line":348,"column":2},"end":{"line":348,"column":65}},"85":{"start":{"line":350,"column":1},"end":{"line":350,"column":13}},"86":{"start":{"line":353,"column":0},"end":{"line":368,"column":2}},"87":{"start":{"line":356,"column":1},"end":{"line":358,"column":null}},"88":{"start":{"line":357,"column":2},"end":{"line":357,"column":41}},"89":{"start":{"line":359,"column":11},"end":{"line":361,"column":3}},"90":{"start":{"line":363,"column":1},"end":{"line":365,"column":null}},"91":{"start":{"line":364,"column":2},"end":{"line":364,"column":49}},"92":{"start":{"line":366,"column":1},"end":{"line":366,"column":46}},"93":{"start":{"line":367,"column":1},"end":{"line":367,"column":12}},"94":{"start":{"line":370,"column":0},"end":{"line":385,"column":2}},"95":{"start":{"line":374,"column":1},"end":{"line":376,"column":null}},"96":{"start":{"line":375,"column":2},"end":{"line":375,"column":41}},"97":{"start":{"line":378,"column":21},"end":{"line":380,"column":3}},"98":{"start":{"line":382,"column":1},"end":{"line":382,"column":54}},"99":{"start":{"line":384,"column":1},"end":{"line":384,"column":20}},"100":{"start":{"line":387,"column":0},"end":{"line":401,"column":2}},"101":{"start":{"line":390,"column":12},"end":{"line":392,"column":3}},"102":{"start":{"line":394,"column":1},"end":{"line":396,"column":null}},"103":{"start":{"line":395,"column":2},"end":{"line":395,"column":69}},"104":{"start":{"line":398,"column":1},"end":{"line":398,"column":44}},"105":{"start":{"line":399,"column":1},"end":{"line":399,"column":19}},"106":{"start":{"line":400,"column":1},"end":{"line":400,"column":31}},"107":{"start":{"line":403,"column":0},"end":{"line":417,"column":2}},"108":{"start":{"line":407,"column":12},"end":{"line":410,"column":3}},"109":{"start":{"line":412,"column":1},"end":{"line":414,"column":null}},"110":{"start":{"line":413,"column":2},"end":{"line":413,"column":75}},"111":{"start":{"line":416,"column":1},"end":{"line":416,"column":13}},"112":{"start":{"line":419,"column":0},"end":{"line":437,"column":2}},"113":{"start":{"line":424,"column":12},"end":{"line":427,"column":3}},"114":{"start":{"line":429,"column":1},"end":{"line":431,"column":null}},"115":{"start":{"line":430,"column":2},"end":{"line":430,"column":70}},"116":{"start":{"line":433,"column":1},"end":{"line":433,"column":31}},"117":{"start":{"line":434,"column":1},"end":{"line":434,"column":26}},"118":{"start":{"line":436,"column":1},"end":{"line":436,"column":13}},"119":{"start":{"line":439,"column":0},"end":{"line":449,"column":2}},"120":{"start":{"line":442,"column":12},"end":{"line":442,"column":54}},"121":{"start":{"line":444,"column":1},"end":{"line":446,"column":null}},"122":{"start":{"line":445,"column":2},"end":{"line":445,"column":13}},"123":{"start":{"line":448,"column":1},"end":{"line":448,"column":13}},"124":{"start":{"line":451,"column":24},"end":{"line":451,"column":76}},"125":{"start":{"line":453,"column":0},"end":{"line":453,"column":20}}},"fnMap":{"0":{"name":"(anonymous_8)","decl":{"start":{"line":157,"column":25},"end":{"line":157,"column":null}},"loc":{"start":{"line":158,"column":29},"end":{"line":168,"column":2}}},"1":{"name":"(anonymous_10)","decl":{"start":{"line":170,"column":28},"end":{"line":170,"column":null}},"loc":{"start":{"line":173,"column":21},"end":{"line":183,"column":2}}},"2":{"name":"(anonymous_12)","decl":{"start":{"line":185,"column":27},"end":{"line":185,"column":null}},"loc":{"start":{"line":187,"column":17},"end":{"line":212,"column":2}}},"3":{"name":"(anonymous_14)","decl":{"start":{"line":214,"column":33},"end":{"line":214,"column":null}},"loc":{"start":{"line":216,"column":30},"end":{"line":230,"column":2}}},"4":{"name":"(anonymous_16)","decl":{"start":{"line":232,"column":34},"end":{"line":232,"column":null}},"loc":{"start":{"line":234,"column":31},"end":{"line":251,"column":2}}},"5":{"name":"(anonymous_18)","decl":{"start":{"line":253,"column":33},"end":{"line":253,"column":null}},"loc":{"start":{"line":257,"column":21},"end":{"line":284,"column":2}}},"6":{"name":"(anonymous_20)","decl":{"start":{"line":286,"column":29},"end":{"line":286,"column":null}},"loc":{"start":{"line":287,"column":36},"end":{"line":297,"column":2}}},"7":{"name":"(anonymous_22)","decl":{"start":{"line":299,"column":32},"end":{"line":299,"column":null}},"loc":{"start":{"line":300,"column":41},"end":{"line":311,"column":2}}},"8":{"name":"(anonymous_24)","decl":{"start":{"line":313,"column":32},"end":{"line":313,"column":null}},"loc":{"start":{"line":315,"column":42},"end":{"line":327,"column":2}}},"9":{"name":"(anonymous_26)","decl":{"start":{"line":329,"column":36},"end":{"line":329,"column":null}},"loc":{"start":{"line":332,"column":20},"end":{"line":351,"column":2}}},"10":{"name":"(anonymous_28)","decl":{"start":{"line":353,"column":25},"end":{"line":353,"column":null}},"loc":{"start":{"line":354,"column":38},"end":{"line":368,"column":2}}},"11":{"name":"(anonymous_30)","decl":{"start":{"line":370,"column":36},"end":{"line":370,"column":null}},"loc":{"start":{"line":371,"column":38},"end":{"line":385,"column":2}}},"12":{"name":"(anonymous_32)","decl":{"start":{"line":387,"column":43},"end":{"line":387,"column":null}},"loc":{"start":{"line":388,"column":14},"end":{"line":401,"column":2}}},"13":{"name":"(anonymous_34)","decl":{"start":{"line":403,"column":46},"end":{"line":403,"column":null}},"loc":{"start":{"line":405,"column":26},"end":{"line":417,"column":2}}},"14":{"name":"(anonymous_36)","decl":{"start":{"line":419,"column":35},"end":{"line":419,"column":null}},"loc":{"start":{"line":422,"column":17},"end":{"line":437,"column":2}}},"15":{"name":"(anonymous_38)","decl":{"start":{"line":439,"column":34},"end":{"line":439,"column":null}},"loc":{"start":{"line":440,"column":36},"end":{"line":449,"column":2}}}},"branchMap":{"0":{"loc":{"start":{"line":162,"column":1},"end":{"line":164,"column":null}},"type":"if","locations":[{"start":{"line":162,"column":1},"end":{"line":164,"column":null}}]},"1":{"loc":{"start":{"line":162,"column":5},"end":{"line":162,"column":33}},"type":"binary-expr","locations":[{"start":{"line":162,"column":5},"end":{"line":162,"column":9}},{"start":{"line":162,"column":13},"end":{"line":162,"column":33}}]},"2":{"loc":{"start":{"line":204,"column":1},"end":{"line":208,"column":null}},"type":"if","locations":[{"start":{"line":204,"column":1},"end":{"line":208,"column":null}}]},"3":{"loc":{"start":{"line":220,"column":1},"end":{"line":225,"column":null}},"type":"if","locations":[{"start":{"line":220,"column":1},"end":{"line":225,"column":null}}]},"4":{"loc":{"start":{"line":221,"column":2},"end":{"line":222,"column":54}},"type":"binary-expr","locations":[{"start":{"line":221,"column":2},"end":{"line":221,"column":23}},{"start":{"line":222,"column":2},"end":{"line":222,"column":54}}]},"5":{"loc":{"start":{"line":238,"column":1},"end":{"line":243,"column":null}},"type":"if","locations":[{"start":{"line":238,"column":1},"end":{"line":243,"column":null}}]},"6":{"loc":{"start":{"line":239,"column":2},"end":{"line":240,"column":56}},"type":"binary-expr","locations":[{"start":{"line":239,"column":2},"end":{"line":239,"column":24}},{"start":{"line":240,"column":2},"end":{"line":240,"column":56}}]},"7":{"loc":{"start":{"line":261,"column":1},"end":{"line":264,"column":null}},"type":"if","locations":[{"start":{"line":261,"column":1},"end":{"line":264,"column":null}}]},"8":{"loc":{"start":{"line":266,"column":1},"end":{"line":269,"column":null}},"type":"if","locations":[{"start":{"line":266,"column":1},"end":{"line":269,"column":null}}]},"9":{"loc":{"start":{"line":279,"column":2},"end":{"line":281,"column":null}},"type":"if","locations":[{"start":{"line":279,"column":2},"end":{"line":281,"column":null}}]},"10":{"loc":{"start":{"line":290,"column":1},"end":{"line":292,"column":null}},"type":"if","locations":[{"start":{"line":290,"column":1},"end":{"line":292,"column":null}}]},"11":{"loc":{"start":{"line":302,"column":1},"end":{"line":304,"column":null}},"type":"if","locations":[{"start":{"line":302,"column":1},"end":{"line":304,"column":null}}]},"12":{"loc":{"start":{"line":317,"column":1},"end":{"line":319,"column":null}},"type":"if","locations":[{"start":{"line":317,"column":1},"end":{"line":319,"column":null}}]},"13":{"loc":{"start":{"line":321,"column":1},"end":{"line":323,"column":null}},"type":"if","locations":[{"start":{"line":321,"column":1},"end":{"line":323,"column":null}}]},"14":{"loc":{"start":{"line":334,"column":1},"end":{"line":336,"column":null}},"type":"if","locations":[{"start":{"line":334,"column":1},"end":{"line":336,"column":null}}]},"15":{"loc":{"start":{"line":347,"column":1},"end":{"line":349,"column":null}},"type":"if","locations":[{"start":{"line":347,"column":1},"end":{"line":349,"column":null}}]},"16":{"loc":{"start":{"line":356,"column":1},"end":{"line":358,"column":null}},"type":"if","locations":[{"start":{"line":356,"column":1},"end":{"line":358,"column":null}}]},"17":{"loc":{"start":{"line":363,"column":1},"end":{"line":365,"column":null}},"type":"if","locations":[{"start":{"line":363,"column":1},"end":{"line":365,"column":null}}]},"18":{"loc":{"start":{"line":363,"column":5},"end":{"line":363,"column":33}},"type":"binary-expr","locations":[{"start":{"line":363,"column":5},"end":{"line":363,"column":9}},{"start":{"line":363,"column":13},"end":{"line":363,"column":33}}]},"19":{"loc":{"start":{"line":374,"column":1},"end":{"line":376,"column":null}},"type":"if","locations":[{"start":{"line":374,"column":1},"end":{"line":376,"column":null}}]},"20":{"loc":{"start":{"line":394,"column":1},"end":{"line":396,"column":null}},"type":"if","locations":[{"start":{"line":394,"column":1},"end":{"line":396,"column":null}}]},"21":{"loc":{"start":{"line":412,"column":1},"end":{"line":414,"column":null}},"type":"if","locations":[{"start":{"line":412,"column":1},"end":{"line":414,"column":null}}]},"22":{"loc":{"start":{"line":429,"column":1},"end":{"line":431,"column":null}},"type":"if","locations":[{"start":{"line":429,"column":1},"end":{"line":431,"column":null}}]},"23":{"loc":{"start":{"line":444,"column":1},"end":{"line":446,"column":null}},"type":"if","locations":[{"start":{"line":444,"column":1},"end":{"line":446,"column":null}}]}},"s":{"0":0,"1":0,"2":0,"3":0,"4":0,"5":0,"6":0,"7":0,"8":0,"9":0,"10":0,"11":0,"12":0,"13":0,"14":0,"15":0,"16":0,"17":0,"18":0,"19":0,"20":0,"21":0,"22":0,"23":0,"24":0,"25":0,"26":0,"27":0,"28":0,"29":0,"30":0,"31":0,"32":0,"33":0,"34":0,"35":0,"36":0,"37":0,"38":0,"39":0,"40":0,"41":0,"42":0,"43":0,"44":0,"45":0,"46":0,"47":0,"48":0,"49":0,"50":0,"51":0,"52":0,"53":0,"54":0,"55":0,"56":0,"57":0,"58":0,"59":0,"60":0,"61":0,"62":0,"63":0,"64":0,"65":0,"66":0,"67":0,"68":0,"69":0,"70":0,"71":0,"72":0,"73":0,"74":0,"75":0,"76":0,"77":0,"78":0,"79":0,"80":0,"81":0,"82":0,"83":0,"84":0,"85":0,"86":0,"87":0,"88":0,"89":0,"90":0,"91":0,"92":0,"93":0,"94":0,"95":0,"96":0,"97":0,"98":0,"99":0,"100":0,"101":0,"102":0,"103":0,"104":0,"105":0,"106":0,"107":0,"108":0,"109":0,"110":0,"111":0,"112":0,"113":0,"114":0,"115":0,"116":0,"117":0,"118":0,"119":0,"120":0,"121":0,"122":0,"123":0,"124":0,"125":0},"f":{"0":0,"1":0,"2":0,"3":0,"4":0,"5":0,"6":0,"7":0,"8":0,"9":0,"10":0,"11":0,"12":0,"13":0,"14":0,"15":0},"b":{"0":[0],"1":[0,0],"2":[0],"3":[0],"4":[0,0],"5":[0],"6":[0,0],"7":[0],"8":[0],"9":[0],"10":[0],"11":[0],"12":[0],"13":[0],"14":[0],"15":[0],"16":[0],"17":[0],"18":[0,0],"19":[0],"20":[0],"21":[0],"22":[0],"23":[0]}}
}
