TN:
SF:src/Models/APIKey.ts
FN:59,(anonymous_7)
FN:69,(anonymous_9)
FN:83,(anonymous_11)
FNF:3
FNH:1
FNDA:0,(anonymous_7)
FNDA:0,(anonymous_9)
FNDA:2,(anonymous_11)
DA:1,1
DA:5,1
DA:29,1
DA:59,1
DA:63,0
DA:66,0
DA:69,1
DA:73,0
DA:74,0
DA:76,0
DA:83,1
DA:87,2
DA:88,2
DA:89,2
DA:95,2
DA:96,1
DA:98,1
DA:101,1
DA:102,1
LF:19
LH:14
BRDA:95,0,0,1
BRF:1
BRH:1
end_of_record
TN:
SF:src/Models/Application.ts
FNF:0
FNH:0
DA:1,0
DA:15,0
DA:33,0
DA:38,0
LF:4
LH:0
BRF:0
BRH:0
end_of_record
TN:
SF:src/Models/User.ts
FN:157,(anonymous_8)
FN:170,(anonymous_10)
FN:185,(anonymous_12)
FN:214,(anonymous_14)
FN:232,(anonymous_16)
FN:253,(anonymous_18)
FN:286,(anonymous_20)
FN:299,(anonymous_22)
FN:313,(anonymous_24)
FN:329,(anonymous_26)
FN:353,(anonymous_28)
FN:370,(anonymous_30)
FN:387,(anonymous_32)
FN:403,(anonymous_34)
FN:419,(anonymous_36)
FN:439,(anonymous_38)
FNF:16
FNH:0
FNDA:0,(anonymous_8)
FNDA:0,(anonymous_10)
FNDA:0,(anonymous_12)
FNDA:0,(anonymous_14)
FNDA:0,(anonymous_16)
FNDA:0,(anonymous_18)
FNDA:0,(anonymous_20)
FNDA:0,(anonymous_22)
FNDA:0,(anonymous_24)
FNDA:0,(anonymous_26)
FNDA:0,(anonymous_28)
FNDA:0,(anonymous_30)
FNDA:0,(anonymous_32)
FNDA:0,(anonymous_34)
FNDA:0,(anonymous_36)
FNDA:0,(anonymous_38)
DA:1,0
DA:2,0
DA:3,0
DA:5,0
DA:10,0
DA:11,0
DA:12,0
DA:13,0
DA:74,0
DA:157,0
DA:160,0
DA:162,0
DA:163,0
DA:166,0
DA:167,0
DA:170,0
DA:175,0
DA:176,0
DA:177,0
DA:178,0
DA:179,0
DA:180,0
DA:181,0
DA:182,0
DA:185,0
DA:189,0
DA:204,0
DA:205,0
DA:210,0
DA:211,0
DA:214,0
DA:218,0
DA:220,0
DA:224,0
DA:227,0
DA:229,0
DA:232,0
DA:236,0
DA:238,0
DA:242,0
DA:245,0
DA:247,0
DA:253,0
DA:259,0
DA:261,0
DA:262,0
DA:263,0
DA:266,0
DA:267,0
DA:268,0
DA:271,0
DA:272,0
DA:273,0
DA:275,0
DA:276,0
DA:277,0
DA:279,0
DA:280,0
DA:282,0
DA:286,0
DA:289,0
DA:290,0
DA:291,0
DA:294,0
DA:296,0
DA:299,0
DA:302,0
DA:303,0
DA:305,0
DA:306,0
DA:307,0
DA:309,0
DA:313,0
DA:317,0
DA:318,0
DA:321,0
DA:322,0
DA:325,0
DA:326,0
DA:329,0
DA:334,0
DA:335,0
DA:337,0
DA:347,0
DA:348,0
DA:350,0
DA:353,0
DA:356,0
DA:357,0
DA:359,0
DA:363,0
DA:364,0
DA:366,0
DA:367,0
DA:370,0
DA:374,0
DA:375,0
DA:378,0
DA:382,0
DA:384,0
DA:387,0
DA:390,0
DA:394,0
DA:395,0
DA:398,0
DA:399,0
DA:400,0
DA:403,0
DA:407,0
DA:412,0
DA:413,0
DA:416,0
DA:419,0
DA:424,0
DA:429,0
DA:430,0
DA:433,0
DA:434,0
DA:436,0
DA:439,0
DA:442,0
DA:444,0
DA:445,0
DA:448,0
DA:451,0
DA:453,0
LF:126
LH:0
BRDA:162,0,0,0
BRDA:162,1,0,0
BRDA:162,1,1,0
BRDA:204,2,0,0
BRDA:220,3,0,0
BRDA:221,4,0,0
BRDA:221,4,1,0
BRDA:238,5,0,0
BRDA:239,6,0,0
BRDA:239,6,1,0
BRDA:261,7,0,0
BRDA:266,8,0,0
BRDA:279,9,0,0
BRDA:290,10,0,0
BRDA:302,11,0,0
BRDA:317,12,0,0
BRDA:321,13,0,0
BRDA:334,14,0,0
BRDA:347,15,0,0
BRDA:356,16,0,0
BRDA:363,17,0,0
BRDA:363,18,0,0
BRDA:363,18,1,0
BRDA:374,19,0,0
BRDA:394,20,0,0
BRDA:412,21,0,0
BRDA:429,22,0,0
BRDA:444,23,0,0
BRF:28
BRH:0
end_of_record
